This file contains any messages produced by compilers while
running configure, to aid debugging if configure makes a mistake.

It was created by libgs.x86_64 configure 0.1, which was
generated by GNU Autoconf 2.69.  Invocation command line was

  $ ./configure --prefix=/usr/local/libgs --with-ctapi_mc --with-ctapi_curl

## --------- ##
## Platform. ##
## --------- ##

hostname = localhost.localdomain
uname -m = x86_64
uname -r = 3.10.0-327.10.1.el7.x86_64
uname -s = Linux
uname -v = #1 SMP Tue Feb 16 17:03:50 UTC 2016

/usr/bin/uname -p = x86_64
/bin/uname -X     = unknown

/bin/arch              = x86_64
/usr/bin/arch -k       = unknown
/usr/convex/getsysinfo = unknown
/usr/bin/hostinfo      = unknown
/bin/machine           = unknown
/usr/bin/oslevel       = unknown
/bin/universe          = unknown

PATH: /usr/local/sbin
PATH: /usr/local/bin
PATH: /usr/sbin
PATH: /usr/bin
PATH: /root/bin


## ----------- ##
## Core tests. ##
## ----------- ##

configure:2319: checking for a BSD-compatible install
configure:2387: result: /usr/bin/install -c
configure:2398: checking whether build environment is sane
configure:2453: result: yes
configure:2604: checking for a thread-safe mkdir -p
configure:2643: result: /usr/bin/mkdir -p
configure:2650: checking for gawk
configure:2666: found /usr/bin/gawk
configure:2677: result: gawk
configure:2688: checking whether make sets $(MAKE)
configure:2710: result: yes
configure:2739: checking whether make supports nested variables
configure:2756: result: yes
configure:2890: checking for gcc
configure:2906: found /usr/bin/gcc
configure:2917: result: gcc
configure:3146: checking for C compiler version
configure:3155: gcc --version >&5
gcc (GCC) 4.8.5 20150623 (Red Hat 4.8.5-4)
Copyright (C) 2015 Free Software Foundation, Inc.
This is free software; see the source for copying conditions.  There is NO
warranty; not even for MERCHANTABILITY or FITNESS FOR A PARTICULAR PURPOSE.

configure:3166: $? = 0
configure:3155: gcc -v >&5
Using built-in specs.
COLLECT_GCC=gcc
COLLECT_LTO_WRAPPER=/usr/libexec/gcc/x86_64-redhat-linux/4.8.5/lto-wrapper
Target: x86_64-redhat-linux
Configured with: ../configure --prefix=/usr --mandir=/usr/share/man --infodir=/usr/share/info --with-bugurl=http://bugzilla.redhat.com/bugzilla --enable-bootstrap --enable-shared --enable-threads=posix --enable-checking=release --with-system-zlib --enable-__cxa_atexit --disable-libunwind-exceptions --enable-gnu-unique-object --enable-linker-build-id --with-linker-hash-style=gnu --enable-languages=c,c++,objc,obj-c++,java,fortran,ada,go,lto --enable-plugin --enable-initfini-array --disable-libgcj --with-isl=/builddir/build/BUILD/gcc-4.8.5-20150702/obj-x86_64-redhat-linux/isl-install --with-cloog=/builddir/build/BUILD/gcc-4.8.5-20150702/obj-x86_64-redhat-linux/cloog-install --enable-gnu-indirect-function --with-tune=generic --with-arch_32=x86-64 --build=x86_64-redhat-linux
Thread model: posix
gcc version 4.8.5 20150623 (Red Hat 4.8.5-4) (GCC) 
configure:3166: $? = 0
configure:3155: gcc -V >&5
gcc: error: unrecognized command line option '-V'
gcc: fatal error: no input files
compilation terminated.
configure:3166: $? = 4
configure:3155: gcc -qversion >&5
gcc: error: unrecognized command line option '-qversion'
gcc: fatal error: no input files
compilation terminated.
configure:3166: $? = 4
configure:3186: checking whether the C compiler works
configure:3208: gcc    conftest.c  >&5
configure:3212: $? = 0
configure:3260: result: yes
configure:3263: checking for C compiler default output file name
configure:3265: result: a.out
configure:3271: checking for suffix of executables
configure:3278: gcc -o conftest    conftest.c  >&5
configure:3282: $? = 0
configure:3304: result: 
configure:3326: checking whether we are cross compiling
configure:3334: gcc -o conftest    conftest.c  >&5
configure:3338: $? = 0
configure:3345: ./conftest
configure:3349: $? = 0
configure:3364: result: no
configure:3369: checking for suffix of object files
configure:3391: gcc -c   conftest.c >&5
configure:3395: $? = 0
configure:3416: result: o
configure:3420: checking whether we are using the GNU C compiler
configure:3439: gcc -c   conftest.c >&5
configure:3439: $? = 0
configure:3448: result: yes
configure:3457: checking whether gcc accepts -g
configure:3477: gcc -c -g  conftest.c >&5
configure:3477: $? = 0
configure:3518: result: yes
configure:3535: checking for gcc option to accept ISO C89
configure:3598: gcc  -c -g -O2  conftest.c >&5
configure:3598: $? = 0
configure:3611: result: none needed
configure:3642: checking for style of include used by make
configure:3670: result: GNU
configure:3696: checking dependency style of gcc
configure:3807: result: gcc3
configure:3834: checking for memcached_set in -lmemcached
configure:3859: gcc -o conftest -g -O2   conftest.c -lmemcached   >&5
configure:3859: $? = 0
configure:3868: result: yes
configure:3950: checking for curl_easy_init in -lcurl
configure:3975: gcc -o conftest -g -O2   conftest.c -lcurl  -lmemcached  >&5
configure:3975: $? = 0
configure:3984: result: yes
configure:4057: checking build system type
configure:4071: result: x86_64-unknown-linux-gnu
configure:4091: checking host system type
configure:4104: result: x86_64-unknown-linux-gnu
configure:4145: checking how to print strings
configure:4172: result: printf
configure:4193: checking for a sed that does not truncate output
configure:4257: result: /usr/bin/sed
configure:4275: checking for grep that handles long lines and -e
configure:4333: result: /usr/bin/grep
configure:4338: checking for egrep
configure:4400: result: /usr/bin/grep -E
configure:4405: checking for fgrep
configure:4467: result: /usr/bin/grep -F
configure:4502: checking for ld used by gcc
configure:4569: result: /usr/bin/ld
configure:4576: checking if the linker (/usr/bin/ld) is GNU ld
configure:4591: result: yes
configure:4603: checking for BSD- or MS-compatible name lister (nm)
configure:4652: result: /usr/bin/nm -B
configure:4782: checking the name lister (/usr/bin/nm -B) interface
configure:4789: gcc -c -g -O2  conftest.c >&5
configure:4792: /usr/bin/nm -B "conftest.o"
configure:4795: output
0000000000000000 B some_variable
configure:4802: result: BSD nm
configure:4805: checking whether ln -s works
configure:4809: result: yes
configure:4817: checking the maximum length of command line arguments
configure:4947: result: 1572864
configure:4964: checking whether the shell understands some XSI constructs
configure:4974: result: yes
configure:4978: checking whether the shell understands "+="
configure:4984: result: yes
configure:5019: checking how to convert x86_64-unknown-linux-gnu file names to x86_64-unknown-linux-gnu format
configure:5059: result: func_convert_file_noop
configure:5066: checking how to convert x86_64-unknown-linux-gnu file names to toolchain format
configure:5086: result: func_convert_file_noop
configure:5093: checking for /usr/bin/ld option to reload object files
configure:5100: result: -r
configure:5174: checking for objdump
configure:5190: found /usr/bin/objdump
configure:5201: result: objdump
configure:5233: checking how to recognize dependent libraries
configure:5435: result: pass_all
configure:5520: checking for dlltool
configure:5550: result: no
configure:5580: checking how to associate runtime and link libraries
configure:5607: result: printf %s\n
configure:5667: checking for ar
configure:5683: found /usr/bin/ar
configure:5694: result: ar
configure:5731: checking for archiver @FILE support
configure:5748: gcc -c -g -O2  conftest.c >&5
configure:5748: $? = 0
configure:5751: ar cru libconftest.a @conftest.lst >&5
configure:5754: $? = 0
configure:5759: ar cru libconftest.a @conftest.lst >&5
ar: conftest.o: No such file or directory
configure:5762: $? = 1
configure:5774: result: @
configure:5832: checking for strip
configure:5848: found /usr/bin/strip
configure:5859: result: strip
configure:5931: checking for ranlib
configure:5947: found /usr/bin/ranlib
configure:5958: result: ranlib
configure:6060: checking command to parse /usr/bin/nm -B output from gcc object
configure:6180: gcc -c -g -O2  conftest.c >&5
configure:6183: $? = 0
configure:6187: /usr/bin/nm -B conftest.o \| sed -n -e 's/^.*[ ]\([ABCDGIRSTW][ABCDGIRSTW]*\)[ ][ ]*\([_A-Za-z][_A-Za-z0-9]*\)$/\1 \2 \2/p' | sed '/ __gnu_lto/d' \> conftest.nm
configure:6190: $? = 0
configure:6256: gcc -o conftest -g -O2   conftest.c conftstm.o >&5
configure:6259: $? = 0
configure:6297: result: ok
configure:6334: checking for sysroot
configure:6364: result: no
configure:6441: gcc -c -g -O2  conftest.c >&5
configure:6444: $? = 0
configure:6620: checking for mt
configure:6650: result: no
configure:6670: checking if : is a manifest tool
configure:6676: : '-?'
configure:6684: result: no
configure:7326: checking how to run the C preprocessor
configure:7357: gcc -E  conftest.c
configure:7357: $? = 0
configure:7371: gcc -E  conftest.c
conftest.c:13:28: fatal error: ac_nonexistent.h: No such file or directory
 #include <ac_nonexistent.h>
                            ^
compilation terminated.
configure:7371: $? = 1
configure: failed program was:
| /* confdefs.h */
| #define PACKAGE_NAME "libgs.x86_64"
| #define PACKAGE_TARNAME "libgs-x86_64"
| #define PACKAGE_VERSION "0.1"
| #define PACKAGE_STRING "libgs.x86_64 0.1"
| #define PACKAGE_BUGREPORT "kyosold@qq.com"
| #define PACKAGE_URL ""
| #define PACKAGE "libgs-x86_64"
| #define VERSION "0.1"
| #define HAVE_LIBMEMCACHED 1
| #define HAVE_LIBCURL 1
| /* end confdefs.h.  */
| #include <ac_nonexistent.h>
configure:7396: result: gcc -E
configure:7416: gcc -E  conftest.c
configure:7416: $? = 0
configure:7430: gcc -E  conftest.c
conftest.c:13:28: fatal error: ac_nonexistent.h: No such file or directory
 #include <ac_nonexistent.h>
                            ^
compilation terminated.
configure:7430: $? = 1
configure: failed program was:
| /* confdefs.h */
| #define PACKAGE_NAME "libgs.x86_64"
| #define PACKAGE_TARNAME "libgs-x86_64"
| #define PACKAGE_VERSION "0.1"
| #define PACKAGE_STRING "libgs.x86_64 0.1"
| #define PACKAGE_BUGREPORT "kyosold@qq.com"
| #define PACKAGE_URL ""
| #define PACKAGE "libgs-x86_64"
| #define VERSION "0.1"
| #define HAVE_LIBMEMCACHED 1
| #define HAVE_LIBCURL 1
| /* end confdefs.h.  */
| #include <ac_nonexistent.h>
configure:7459: checking for ANSI C header files
configure:7479: gcc -c -g -O2  conftest.c >&5
configure:7479: $? = 0
configure:7552: gcc -o conftest -g -O2   conftest.c -lcurl -lmemcached  >&5
configure:7552: $? = 0
configure:7552: ./conftest
configure:7552: $? = 0
configure:7563: result: yes
configure:7576: checking for sys/types.h
configure:7576: gcc -c -g -O2  conftest.c >&5
configure:7576: $? = 0
configure:7576: result: yes
configure:7576: checking for sys/stat.h
configure:7576: gcc -c -g -O2  conftest.c >&5
configure:7576: $? = 0
configure:7576: result: yes
configure:7576: checking for stdlib.h
configure:7576: gcc -c -g -O2  conftest.c >&5
configure:7576: $? = 0
configure:7576: result: yes
configure:7576: checking for string.h
configure:7576: gcc -c -g -O2  conftest.c >&5
configure:7576: $? = 0
configure:7576: result: yes
configure:7576: checking for memory.h
configure:7576: gcc -c -g -O2  conftest.c >&5
configure:7576: $? = 0
configure:7576: result: yes
configure:7576: checking for strings.h
configure:7576: gcc -c -g -O2  conftest.c >&5
configure:7576: $? = 0
configure:7576: result: yes
configure:7576: checking for inttypes.h
configure:7576: gcc -c -g -O2  conftest.c >&5
configure:7576: $? = 0
configure:7576: result: yes
configure:7576: checking for stdint.h
configure:7576: gcc -c -g -O2  conftest.c >&5
configure:7576: $? = 0
configure:7576: result: yes
configure:7576: checking for unistd.h
configure:7576: gcc -c -g -O2  conftest.c >&5
configure:7576: $? = 0
configure:7576: result: yes
configure:7590: checking for dlfcn.h
configure:7590: gcc -c -g -O2  conftest.c >&5
configure:7590: $? = 0
configure:7590: result: yes
configure:7796: checking for objdir
configure:7811: result: .libs
configure:8078: checking if gcc supports -fno-rtti -fno-exceptions
configure:8096: gcc -c -g -O2  -fno-rtti -fno-exceptions conftest.c >&5
cc1: warning: command line option '-fno-rtti' is valid for C++/ObjC++ but not for C [enabled by default]
configure:8100: $? = 0
configure:8113: result: no
configure:8440: checking for gcc option to produce PIC
configure:8447: result: -fPIC -DPIC
configure:8455: checking if gcc PIC flag -fPIC -DPIC works
configure:8473: gcc -c -g -O2  -fPIC -DPIC -DPIC conftest.c >&5
configure:8477: $? = 0
configure:8490: result: yes
configure:8519: checking if gcc static flag -static works
configure:8547: result: no
configure:8562: checking if gcc supports -c -o file.o
configure:8583: gcc -c -g -O2  -o out/conftest2.o conftest.c >&5
configure:8587: $? = 0
configure:8609: result: yes
configure:8617: checking if gcc supports -c -o file.o
configure:8664: result: yes
configure:8697: checking whether the gcc linker (/usr/bin/ld -m elf_x86_64) supports shared libraries
configure:9850: result: yes
configure:9887: checking whether -lc should be explicitly linked in
configure:9895: gcc -c -g -O2  conftest.c >&5
configure:9898: $? = 0
configure:9913: gcc -shared  -fPIC -DPIC conftest.o  -v -Wl,-soname -Wl,conftest -o conftest 2\>\&1 \| /usr/bin/grep  -lc  \>/dev/null 2\>\&1
configure:9916: $? = 0
configure:9930: result: no
configure:10090: checking dynamic linker characteristics
configure:10601: gcc -o conftest -g -O2   -Wl,-rpath -Wl,/foo conftest.c -lcurl -lmemcached  >&5
configure:10601: $? = 0
configure:10827: result: GNU/Linux ld.so
configure:10934: checking how to hardcode library paths into programs
configure:10959: result: immediate
configure:11499: checking whether stripping libraries is possible
configure:11504: result: yes
configure:11539: checking if libtool supports shared libraries
configure:11541: result: yes
configure:11544: checking whether to build shared libraries
configure:11565: result: yes
configure:11568: checking whether to build static libraries
configure:11572: result: yes
configure:11614: checking limits.h usability
configure:11614: gcc -c -g -O2  conftest.c >&5
configure:11614: $? = 0
configure:11614: result: yes
configure:11614: checking limits.h presence
configure:11614: gcc -E  conftest.c
configure:11614: $? = 0
configure:11614: result: yes
configure:11614: checking for limits.h
configure:11614: result: yes
configure:11614: checking stddef.h usability
configure:11614: gcc -c -g -O2  conftest.c >&5
configure:11614: $? = 0
configure:11614: result: yes
configure:11614: checking stddef.h presence
configure:11614: gcc -E  conftest.c
configure:11614: $? = 0
configure:11614: result: yes
configure:11614: checking for stddef.h
configure:11614: result: yes
configure:11614: checking for stdint.h
configure:11614: result: yes
configure:11614: checking for stdlib.h
configure:11614: result: yes
configure:11614: checking for string.h
configure:11614: result: yes
configure:11614: checking for unistd.h
configure:11614: result: yes
configure:11626: checking for stdbool.h that conforms to C99
configure:11693: gcc -c -g -O2  conftest.c >&5
configure:11693: $? = 0
configure:11700: result: yes
configure:11702: checking for _Bool
configure:11702: gcc -c -g -O2  conftest.c >&5
configure:11702: $? = 0
configure:11702: gcc -c -g -O2  conftest.c >&5
conftest.c: In function 'main':
conftest.c:67:20: error: expected expression before ')' token
 if (sizeof ((_Bool)))
                    ^
configure:11702: $? = 1
configure: failed program was:
| /* confdefs.h */
| #define PACKAGE_NAME "libgs.x86_64"
| #define PACKAGE_TARNAME "libgs-x86_64"
| #define PACKAGE_VERSION "0.1"
| #define PACKAGE_STRING "libgs.x86_64 0.1"
| #define PACKAGE_BUGREPORT "kyosold@qq.com"
| #define PACKAGE_URL ""
| #define PACKAGE "libgs-x86_64"
| #define VERSION "0.1"
| #define HAVE_LIBMEMCACHED 1
| #define HAVE_LIBCURL 1
| #define STDC_HEADERS 1
| #define HAVE_SYS_TYPES_H 1
| #define HAVE_SYS_STAT_H 1
| #define HAVE_STDLIB_H 1
| #define HAVE_STRING_H 1
| #define HAVE_MEMORY_H 1
| #define HAVE_STRINGS_H 1
| #define HAVE_INTTYPES_H 1
| #define HAVE_STDINT_H 1
| #define HAVE_UNISTD_H 1
| #define HAVE_DLFCN_H 1
| #define LT_OBJDIR ".libs/"
| #define HAVE_LIMITS_H 1
| #define HAVE_STDDEF_H 1
| #define HAVE_STDINT_H 1
| #define HAVE_STDLIB_H 1
| #define HAVE_STRING_H 1
| #define HAVE_UNISTD_H 1
| /* end confdefs.h.  */
| #include <stdio.h>
| #ifdef HAVE_SYS_TYPES_H
| # include <sys/types.h>
| #endif
| #ifdef HAVE_SYS_STAT_H
| # include <sys/stat.h>
| #endif
| #ifdef STDC_HEADERS
| # include <stdlib.h>
| # include <stddef.h>
| #else
| # ifdef HAVE_STDLIB_H
| #  include <stdlib.h>
| # endif
| #endif
| #ifdef HAVE_STRING_H
| # if !defined STDC_HEADERS && defined HAVE_MEMORY_H
| #  include <memory.h>
| # endif
| # include <string.h>
| #endif
| #ifdef HAVE_STRINGS_H
| # include <strings.h>
| #endif
| #ifdef HAVE_INTTYPES_H
| # include <inttypes.h>
| #endif
| #ifdef HAVE_STDINT_H
| # include <stdint.h>
| #endif
| #ifdef HAVE_UNISTD_H
| # include <unistd.h>
| #endif
| int
| main ()
| {
| if (sizeof ((_Bool)))
| 	    return 0;
|   ;
|   return 0;
| }
configure:11702: result: yes
configure:11713: checking for inline
configure:11729: gcc -c -g -O2  conftest.c >&5
configure:11729: $? = 0
configure:11737: result: inline
configure:11755: checking for size_t
configure:11755: gcc -c -g -O2  conftest.c >&5
configure:11755: $? = 0
configure:11755: gcc -c -g -O2  conftest.c >&5
conftest.c: In function 'main':
conftest.c:68:21: error: expected expression before ')' token
 if (sizeof ((size_t)))
                     ^
configure:11755: $? = 1
configure: failed program was:
| /* confdefs.h */
| #define PACKAGE_NAME "libgs.x86_64"
| #define PACKAGE_TARNAME "libgs-x86_64"
| #define PACKAGE_VERSION "0.1"
| #define PACKAGE_STRING "libgs.x86_64 0.1"
| #define PACKAGE_BUGREPORT "kyosold@qq.com"
| #define PACKAGE_URL ""
| #define PACKAGE "libgs-x86_64"
| #define VERSION "0.1"
| #define HAVE_LIBMEMCACHED 1
| #define HAVE_LIBCURL 1
| #define STDC_HEADERS 1
| #define HAVE_SYS_TYPES_H 1
| #define HAVE_SYS_STAT_H 1
| #define HAVE_STDLIB_H 1
| #define HAVE_STRING_H 1
| #define HAVE_MEMORY_H 1
| #define HAVE_STRINGS_H 1
| #define HAVE_INTTYPES_H 1
| #define HAVE_STDINT_H 1
| #define HAVE_UNISTD_H 1
| #define HAVE_DLFCN_H 1
| #define LT_OBJDIR ".libs/"
| #define HAVE_LIMITS_H 1
| #define HAVE_STDDEF_H 1
| #define HAVE_STDINT_H 1
| #define HAVE_STDLIB_H 1
| #define HAVE_STRING_H 1
| #define HAVE_UNISTD_H 1
| #define HAVE__BOOL 1
| /* end confdefs.h.  */
| #include <stdio.h>
| #ifdef HAVE_SYS_TYPES_H
| # include <sys/types.h>
| #endif
| #ifdef HAVE_SYS_STAT_H
| # include <sys/stat.h>
| #endif
| #ifdef STDC_HEADERS
| # include <stdlib.h>
| # include <stddef.h>
| #else
| # ifdef HAVE_STDLIB_H
| #  include <stdlib.h>
| # endif
| #endif
| #ifdef HAVE_STRING_H
| # if !defined STDC_HEADERS && defined HAVE_MEMORY_H
| #  include <memory.h>
| # endif
| # include <string.h>
| #endif
| #ifdef HAVE_STRINGS_H
| # include <strings.h>
| #endif
| #ifdef HAVE_INTTYPES_H
| # include <inttypes.h>
| #endif
| #ifdef HAVE_STDINT_H
| # include <stdint.h>
| #endif
| #ifdef HAVE_UNISTD_H
| # include <unistd.h>
| #endif
| int
| main ()
| {
| if (sizeof ((size_t)))
| 	    return 0;
|   ;
|   return 0;
| }
configure:11755: result: yes
configure:11770: checking for stdlib.h
configure:11770: result: yes
configure:11780: checking for GNU libc compatible malloc
configure:11804: gcc -o conftest -g -O2   conftest.c -lcurl -lmemcached  >&5
configure:11804: $? = 0
configure:11804: ./conftest
configure:11804: $? = 0
configure:11814: result: yes
configure:11838: checking for memchr
configure:11838: gcc -o conftest -g -O2   conftest.c -lcurl -lmemcached  >&5
conftest.c:57:6: warning: conflicting types for built-in function 'memchr' [enabled by default]
 char memchr ();
      ^
configure:11838: $? = 0
configure:11838: result: yes
configure:11838: checking for memmove
configure:11838: gcc -o conftest -g -O2   conftest.c -lcurl -lmemcached  >&5
conftest.c:58:6: warning: conflicting types for built-in function 'memmove' [enabled by default]
 char memmove ();
      ^
configure:11838: $? = 0
configure:11838: result: yes
configure:11838: checking for memset
configure:11838: gcc -o conftest -g -O2   conftest.c -lcurl -lmemcached  >&5
conftest.c:59:6: warning: conflicting types for built-in function 'memset' [enabled by default]
 char memset ();
      ^
configure:11838: $? = 0
configure:11838: result: yes
configure:11838: checking for strcasecmp
configure:11838: gcc -o conftest -g -O2   conftest.c -lcurl -lmemcached  >&5
conftest.c:60:6: warning: conflicting types for built-in function 'strcasecmp' [enabled by default]
 char strcasecmp ();
      ^
configure:11838: $? = 0
configure:11838: result: yes
configure:11838: checking for strchr
configure:11838: gcc -o conftest -g -O2   conftest.c -lcurl -lmemcached  >&5
conftest.c:61:6: warning: conflicting types for built-in function 'strchr' [enabled by default]
 char strchr ();
      ^
configure:11838: $? = 0
configure:11838: result: yes
configure:11838: checking for strtol
configure:11838: gcc -o conftest -g -O2   conftest.c -lcurl -lmemcached  >&5
configure:11838: $? = 0
configure:11838: result: yes
configure:11995: checking that generated files are newer than configure
configure:12001: result: done
configure:12036: creating ./config.status

## ---------------------- ##
## Running config.status. ##
## ---------------------- ##

This file was extended by libgs.x86_64 config.status 0.1, which was
generated by GNU Autoconf 2.69.  Invocation command line was

  CONFIG_FILES    = 
  CONFIG_HEADERS  = 
  CONFIG_LINKS    = 
  CONFIG_COMMANDS = 
  $ ./config.status 

on localhost.localdomain

config.status:1023: creating Makefile
config.status:1023: creating base64/Makefile
config.status:1023: creating confparser/Makefile
config.status:1023: creating dictionary/Makefile
config.status:1023: creating ctapi_mc/Makefile
config.status:1023: creating ctapi_mysql/Makefile
config.status:1023: creating hashmap/Makefile
config.status:1023: creating libmfile/Makefile
config.status:1023: creating libstralloc/Makefile
config.status:1023: creating utf8str/Makefile
config.status:1023: creating ctapi_curl/Makefile
config.status:1023: creating ctlog/Makefile
config.status:1195: executing depfiles commands
config.status:1195: executing libtool commands

## ---------------- ##
## Cache variables. ##
## ---------------- ##

ac_cv_build=x86_64-unknown-linux-gnu
ac_cv_c_compiler_gnu=yes
ac_cv_c_inline=inline
ac_cv_env_CC_set=
ac_cv_env_CC_value=
ac_cv_env_CFLAGS_set=
ac_cv_env_CFLAGS_value=
ac_cv_env_CPPFLAGS_set=
ac_cv_env_CPPFLAGS_value=
ac_cv_env_CPP_set=
ac_cv_env_CPP_value=
ac_cv_env_LDFLAGS_set=
ac_cv_env_LDFLAGS_value=
ac_cv_env_LIBS_set=
ac_cv_env_LIBS_value=
ac_cv_env_build_alias_set=
ac_cv_env_build_alias_value=
ac_cv_env_host_alias_set=
ac_cv_env_host_alias_value=
ac_cv_env_target_alias_set=
ac_cv_env_target_alias_value=
ac_cv_func_malloc_0_nonnull=yes
ac_cv_func_memchr=yes
ac_cv_func_memmove=yes
ac_cv_func_memset=yes
ac_cv_func_strcasecmp=yes
ac_cv_func_strchr=yes
ac_cv_func_strtol=yes
ac_cv_header_dlfcn_h=yes
ac_cv_header_inttypes_h=yes
ac_cv_header_limits_h=yes
ac_cv_header_memory_h=yes
ac_cv_header_stdbool_h=yes
ac_cv_header_stdc=yes
ac_cv_header_stddef_h=yes
ac_cv_header_stdint_h=yes
ac_cv_header_stdlib_h=yes
ac_cv_header_string_h=yes
ac_cv_header_strings_h=yes
ac_cv_header_sys_stat_h=yes
ac_cv_header_sys_types_h=yes
ac_cv_header_unistd_h=yes
ac_cv_host=x86_64-unknown-linux-gnu
ac_cv_lib_curl_curl_easy_init=yes
ac_cv_lib_memcached_memcached_set=yes
ac_cv_objext=o
ac_cv_path_EGREP='/usr/bin/grep -E'
ac_cv_path_FGREP='/usr/bin/grep -F'
ac_cv_path_GREP=/usr/bin/grep
ac_cv_path_SED=/usr/bin/sed
ac_cv_path_install='/usr/bin/install -c'
ac_cv_path_mkdir=/usr/bin/mkdir
ac_cv_prog_AWK=gawk
ac_cv_prog_CPP='gcc -E'
ac_cv_prog_ac_ct_AR=ar
ac_cv_prog_ac_ct_CC=gcc
ac_cv_prog_ac_ct_OBJDUMP=objdump
ac_cv_prog_ac_ct_RANLIB=ranlib
ac_cv_prog_ac_ct_STRIP=strip
ac_cv_prog_cc_c89=
ac_cv_prog_cc_g=yes
ac_cv_prog_make_make_set=yes
ac_cv_type__Bool=yes
ac_cv_type_size_t=yes
am_cv_CC_dependencies_compiler_type=gcc3
am_cv_make_support_nested_variables=yes
lt_cv_ar_at_file=@
lt_cv_archive_cmds_need_lc=no
lt_cv_deplibs_check_method=pass_all
lt_cv_file_magic_cmd='$MAGIC_CMD'
lt_cv_file_magic_test_file=
lt_cv_ld_reload_flag=-r
lt_cv_nm_interface='BSD nm'
lt_cv_objdir=.libs
lt_cv_path_LD=/usr/bin/ld
lt_cv_path_NM='/usr/bin/nm -B'
lt_cv_path_mainfest_tool=no
lt_cv_prog_compiler_c_o=yes
lt_cv_prog_compiler_pic='-fPIC -DPIC'
lt_cv_prog_compiler_pic_works=yes
lt_cv_prog_compiler_rtti_exceptions=no
lt_cv_prog_compiler_static_works=no
lt_cv_prog_gnu_ld=yes
lt_cv_sharedlib_from_linklib_cmd='printf %s\n'
lt_cv_shlibpath_overrides_runpath=no
lt_cv_sys_global_symbol_pipe='sed -n -e '\''s/^.*[	 ]\([ABCDGIRSTW][ABCDGIRSTW]*\)[	 ][	 ]*\([_A-Za-z][_A-Za-z0-9]*\)$/\1 \2 \2/p'\'' | sed '\''/ __gnu_lto/d'\'''
lt_cv_sys_global_symbol_to_c_name_address='sed -n -e '\''s/^: \([^ ]*\)[ ]*$/  {\"\1\", (void *) 0},/p'\'' -e '\''s/^[ABCDGIRSTW]* \([^ ]*\) \([^ ]*\)$/  {"\2", (void *) \&\2},/p'\'''
lt_cv_sys_global_symbol_to_c_name_address_lib_prefix='sed -n -e '\''s/^: \([^ ]*\)[ ]*$/  {\"\1\", (void *) 0},/p'\'' -e '\''s/^[ABCDGIRSTW]* \([^ ]*\) \(lib[^ ]*\)$/  {"\2", (void *) \&\2},/p'\'' -e '\''s/^[ABCDGIRSTW]* \([^ ]*\) \([^ ]*\)$/  {"lib\2", (void *) \&\2},/p'\'''
lt_cv_sys_global_symbol_to_cdecl='sed -n -e '\''s/^T .* \(.*\)$/extern int \1();/p'\'' -e '\''s/^[ABCDGIRSTW]* .* \(.*\)$/extern char \1;/p'\'''
lt_cv_sys_max_cmd_len=1572864
lt_cv_to_host_file_cmd=func_convert_file_noop
lt_cv_to_tool_file_cmd=func_convert_file_noop

## ----------------- ##
## Output variables. ##
## ----------------- ##

ACLOCAL='${SHELL} /root/dev/libgs/missing aclocal-1.13'
AMDEPBACKSLASH='\'
AMDEP_FALSE='#'
AMDEP_TRUE=''
AMTAR='$${TAR-tar}'
AM_BACKSLASH='\'
AM_DEFAULT_V='$(AM_DEFAULT_VERBOSITY)'
AM_DEFAULT_VERBOSITY='1'
AM_V='$(V)'
AR='ar'
AUTOCONF='${SHELL} /root/dev/libgs/missing autoconf'
AUTOHEADER='${SHELL} /root/dev/libgs/missing autoheader'
AUTOMAKE='${SHELL} /root/dev/libgs/missing automake-1.13'
AWK='gawk'
BUILD_ctapi_curl_FALSE='#'
BUILD_ctapi_curl_TRUE=''
BUILD_ctapi_mc_FALSE='#'
BUILD_ctapi_mc_TRUE=''
BUILD_ctapi_mysql_FALSE=''
BUILD_ctapi_mysql_TRUE='#'
CC='gcc'
CCDEPMODE='depmode=gcc3'
CFLAGS='-g -O2'
CPP='gcc -E'
CPPFLAGS=''
CYGPATH_W='echo'
DEFS='-DPACKAGE_NAME=\"libgs.x86_64\" -DPACKAGE_TARNAME=\"libgs-x86_64\" -DPACKAGE_VERSION=\"0.1\" -DPACKAGE_STRING=\"libgs.x86_64\ 0.1\" -DPACKAGE_BUGREPORT=\"kyosold@qq.com\" -DPACKAGE_URL=\"\" -DPACKAGE=\"libgs-x86_64\" -DVERSION=\"0.1\" -DHAVE_LIBMEMCACHED=1 -DHAVE_LIBCURL=1 -DSTDC_HEADERS=1 -DHAVE_SYS_TYPES_H=1 -DHAVE_SYS_STAT_H=1 -DHAVE_STDLIB_H=1 -DHAVE_STRING_H=1 -DHAVE_MEMORY_H=1 -DHAVE_STRINGS_H=1 -DHAVE_INTTYPES_H=1 -DHAVE_STDINT_H=1 -DHAVE_UNISTD_H=1 -DHAVE_DLFCN_H=1 -DLT_OBJDIR=\".libs/\" -DHAVE_LIMITS_H=1 -DHAVE_STDDEF_H=1 -DHAVE_STDINT_H=1 -DHAVE_STDLIB_H=1 -DHAVE_STRING_H=1 -DHAVE_UNISTD_H=1 -DHAVE__BOOL=1 -DHAVE_STDLIB_H=1 -DHAVE_MALLOC=1 -DHAVE_MEMCHR=1 -DHAVE_MEMMOVE=1 -DHAVE_MEMSET=1 -DHAVE_STRCASECMP=1 -DHAVE_STRCHR=1 -DHAVE_STRTOL=1'
DEPDIR='.deps'
DLLTOOL='false'
DSYMUTIL=''
DUMPBIN=''
ECHO_C=''
ECHO_N='-n'
ECHO_T=''
EGREP='/usr/bin/grep -E'
EXEEXT=''
FGREP='/usr/bin/grep -F'
GREP='/usr/bin/grep'
INSTALL_DATA='${INSTALL} -m 644'
INSTALL_PROGRAM='${INSTALL}'
INSTALL_SCRIPT='${INSTALL}'
INSTALL_STRIP_PROGRAM='$(install_sh) -c -s'
LD='/usr/bin/ld -m elf_x86_64'
LDFLAGS=''
LIBOBJS=''
LIBS='-lcurl -lmemcached '
LIBTOOL='$(SHELL) $(top_builddir)/libtool'
LIPO=''
LN_S='ln -s'
LTLIBOBJS=''
MAKEINFO='${SHELL} /root/dev/libgs/missing makeinfo'
MANIFEST_TOOL=':'
MKDIR_P='/usr/bin/mkdir -p'
NM='/usr/bin/nm -B'
NMEDIT=''
OBJDUMP='objdump'
OBJEXT='o'
OTOOL64=''
OTOOL=''
PACKAGE='libgs-x86_64'
PACKAGENAME='libgs'
PACKAGE_BUGREPORT='kyosold@qq.com'
PACKAGE_NAME='libgs.x86_64'
PACKAGE_STRING='libgs.x86_64 0.1'
PACKAGE_TARNAME='libgs-x86_64'
PACKAGE_URL=''
PACKAGE_VERSION='0.1'
PATH_SEPARATOR=':'
RANLIB='ranlib'
SED='/usr/bin/sed'
SET_MAKE=''
SHELL='/bin/sh'
STRIP='strip'
VERSION='0.1'
ac_ct_AR='ar'
ac_ct_CC='gcc'
ac_ct_DUMPBIN=''
am__EXEEXT_FALSE=''
am__EXEEXT_TRUE='#'
am__fastdepCC_FALSE='#'
am__fastdepCC_TRUE=''
am__include='include'
am__isrc=''
am__leading_dot='.'
am__nodep='_no'
am__quote=''
am__tar='$${TAR-tar} chof - "$$tardir"'
am__untar='$${TAR-tar} xf -'
bindir='${exec_prefix}/bin'
build='x86_64-unknown-linux-gnu'
build_alias=''
build_cpu='x86_64'
build_os='linux-gnu'
build_vendor='unknown'
datadir='${datarootdir}'
datarootdir='${prefix}/share'
docdir='${datarootdir}/doc/${PACKAGE_TARNAME}'
dvidir='${docdir}'
exec_prefix='${prefix}'
host='x86_64-unknown-linux-gnu'
host_alias=''
host_cpu='x86_64'
host_os='linux-gnu'
host_vendor='unknown'
htmldir='${docdir}'
includedir='${prefix}/include'
infodir='${datarootdir}/info'
install_sh='${SHELL} /root/dev/libgs/install-sh'
libdir='${exec_prefix}/lib'
libexecdir='${exec_prefix}/libexec'
localedir='${datarootdir}/locale'
localstatedir='${prefix}/var'
mandir='${datarootdir}/man'
mkdir_p='$(MKDIR_P)'
oldincludedir='/usr/include'
pdfdir='${docdir}'
prefix='/usr/local/libgs'
program_transform_name='s,x,x,'
psdir='${docdir}'
sbindir='${exec_prefix}/sbin'
sharedstatedir='${prefix}/com'
sysconfdir='${prefix}/etc'
target_alias=''

## ----------- ##
## confdefs.h. ##
## ----------- ##

/* confdefs.h */
#define PACKAGE_NAME "libgs.x86_64"
#define PACKAGE_TARNAME "libgs-x86_64"
#define PACKAGE_VERSION "0.1"
#define PACKAGE_STRING "libgs.x86_64 0.1"
#define PACKAGE_BUGREPORT "kyosold@qq.com"
#define PACKAGE_URL ""
#define PACKAGE "libgs-x86_64"
#define VERSION "0.1"
#define HAVE_LIBMEMCACHED 1
#define HAVE_LIBCURL 1
#define STDC_HEADERS 1
#define HAVE_SYS_TYPES_H 1
#define HAVE_SYS_STAT_H 1
#define HAVE_STDLIB_H 1
#define HAVE_STRING_H 1
#define HAVE_MEMORY_H 1
#define HAVE_STRINGS_H 1
#define HAVE_INTTYPES_H 1
#define HAVE_STDINT_H 1
#define HAVE_UNISTD_H 1
#define HAVE_DLFCN_H 1
#define LT_OBJDIR ".libs/"
#define HAVE_LIMITS_H 1
#define HAVE_STDDEF_H 1
#define HAVE_STDINT_H 1
#define HAVE_STDLIB_H 1
#define HAVE_STRING_H 1
#define HAVE_UNISTD_H 1
#define HAVE__BOOL 1
#define HAVE_STDLIB_H 1
#define HAVE_MALLOC 1
#define HAVE_MEMCHR 1
#define HAVE_MEMMOVE 1
#define HAVE_MEMSET 1
#define HAVE_STRCASECMP 1
#define HAVE_STRCHR 1
#define HAVE_STRTOL 1

configure: exit 0

## ---------------------- ##
## Running config.status. ##
## ---------------------- ##

This file was extended by libgs.x86_64 config.status 0.1, which was
generated by GNU Autoconf 2.69.  Invocation command line was

  CONFIG_FILES    = 
  CONFIG_HEADERS  = 
  CONFIG_LINKS    = 
  CONFIG_COMMANDS = 
  $ ./config.status Makefile

on localhost.localdomain

config.status:1023: creating Makefile

## ---------------------- ##
## Running config.status. ##
## ---------------------- ##

This file was extended by libgs.x86_64 config.status 0.1, which was
generated by GNU Autoconf 2.69.  Invocation command line was

  CONFIG_FILES    = 
  CONFIG_HEADERS  = 
  CONFIG_LINKS    = 
  CONFIG_COMMANDS = 
  $ ./config.status base64/Makefile depfiles

on localhost.localdomain

config.status:1023: creating base64/Makefile
config.status:1195: executing depfiles commands

## ---------------------- ##
## Running config.status. ##
## ---------------------- ##

This file was extended by libgs.x86_64 config.status 0.1, which was
generated by GNU Autoconf 2.69.  Invocation command line was

  CONFIG_FILES    = 
  CONFIG_HEADERS  = 
  CONFIG_LINKS    = 
  CONFIG_COMMANDS = 
  $ ./config.status confparser/Makefile depfiles

on localhost.localdomain

config.status:1023: creating confparser/Makefile
config.status:1195: executing depfiles commands

## ---------------------- ##
## Running config.status. ##
## ---------------------- ##

This file was extended by libgs.x86_64 config.status 0.1, which was
generated by GNU Autoconf 2.69.  Invocation command line was

  CONFIG_FILES    = 
  CONFIG_HEADERS  = 
  CONFIG_LINKS    = 
  CONFIG_COMMANDS = 
  $ ./config.status ctapi_mc/Makefile depfiles

on localhost.localdomain

config.status:1023: creating ctapi_mc/Makefile
config.status:1195: executing depfiles commands

## ---------------------- ##
## Running config.status. ##
## ---------------------- ##

This file was extended by libgs.x86_64 config.status 0.1, which was
generated by GNU Autoconf 2.69.  Invocation command line was

  CONFIG_FILES    = 
  CONFIG_HEADERS  = 
  CONFIG_LINKS    = 
  CONFIG_COMMANDS = 
  $ ./config.status dictionary/Makefile depfiles

on localhost.localdomain

config.status:1023: creating dictionary/Makefile
config.status:1195: executing depfiles commands

## ---------------------- ##
## Running config.status. ##
## ---------------------- ##

This file was extended by libgs.x86_64 config.status 0.1, which was
generated by GNU Autoconf 2.69.  Invocation command line was

  CONFIG_FILES    = 
  CONFIG_HEADERS  = 
  CONFIG_LINKS    = 
  CONFIG_COMMANDS = 
  $ ./config.status hashmap/Makefile depfiles

on localhost.localdomain

config.status:1023: creating hashmap/Makefile
config.status:1195: executing depfiles commands

## ---------------------- ##
## Running config.status. ##
## ---------------------- ##

This file was extended by libgs.x86_64 config.status 0.1, which was
generated by GNU Autoconf 2.69.  Invocation command line was

  CONFIG_FILES    = 
  CONFIG_HEADERS  = 
  CONFIG_LINKS    = 
  CONFIG_COMMANDS = 
  $ ./config.status libmfile/Makefile depfiles

on localhost.localdomain

config.status:1023: creating libmfile/Makefile
config.status:1195: executing depfiles commands

## ---------------------- ##
## Running config.status. ##
## ---------------------- ##

This file was extended by libgs.x86_64 config.status 0.1, which was
generated by GNU Autoconf 2.69.  Invocation command line was

  CONFIG_FILES    = 
  CONFIG_HEADERS  = 
  CONFIG_LINKS    = 
  CONFIG_COMMANDS = 
  $ ./config.status libstralloc/Makefile depfiles

on localhost.localdomain

config.status:1023: creating libstralloc/Makefile
config.status:1195: executing depfiles commands

## ---------------------- ##
## Running config.status. ##
## ---------------------- ##

This file was extended by libgs.x86_64 config.status 0.1, which was
generated by GNU Autoconf 2.69.  Invocation command line was

  CONFIG_FILES    = 
  CONFIG_HEADERS  = 
  CONFIG_LINKS    = 
  CONFIG_COMMANDS = 
  $ ./config.status utf8str/Makefile depfiles

on localhost.localdomain

config.status:1023: creating utf8str/Makefile
config.status:1195: executing depfiles commands

## ---------------------- ##
## Running config.status. ##
## ---------------------- ##

This file was extended by libgs.x86_64 config.status 0.1, which was
generated by GNU Autoconf 2.69.  Invocation command line was

  CONFIG_FILES    = 
  CONFIG_HEADERS  = 
  CONFIG_LINKS    = 
  CONFIG_COMMANDS = 
  $ ./config.status ctapi_curl/Makefile depfiles

on localhost.localdomain

config.status:1023: creating ctapi_curl/Makefile
config.status:1195: executing depfiles commands

## ---------------------- ##
## Running config.status. ##
## ---------------------- ##

This file was extended by libgs.x86_64 config.status 0.1, which was
generated by GNU Autoconf 2.69.  Invocation command line was

  CONFIG_FILES    = 
  CONFIG_HEADERS  = 
  CONFIG_LINKS    = 
  CONFIG_COMMANDS = 
  $ ./config.status ctlog/Makefile depfiles

on localhost.localdomain

config.status:1023: creating ctlog/Makefile
config.status:1195: executing depfiles commands

## ---------------------- ##
## Running config.status. ##
## ---------------------- ##

This file was extended by libgs.x86_64 config.status 0.1, which was
generated by GNU Autoconf 2.69.  Invocation command line was

  CONFIG_FILES    = 
  CONFIG_HEADERS  = 
  CONFIG_LINKS    = 
  CONFIG_COMMANDS = 
  $ ./config.status ctapi_mysql/Makefile depfiles

on localhost.localdomain

config.status:1023: creating ctapi_mysql/Makefile
config.status:1195: executing depfiles commands
